{"/Users/redjoy/redjoy_github/building/src/script/math.js":{"path":"/Users/redjoy/redjoy_github/building/src/script/math.js","s":{"1":1,"2":0,"3":0,"4":1,"5":3,"6":3,"7":0,"8":0,"9":1,"10":1,"11":0,"12":0,"13":0},"b":{"1":[1,0],"2":[0,0]},"f":{"1":0},"fnMap":{"1":{"name":"min","line":1,"loc":{"start":{"line":1,"column":0},"end":{"line":1,"column":18}}}},"statementMap":{"1":{"start":{"line":1,"column":0},"end":{"line":4,"column":1}},"2":{"start":{"line":2,"column":1},"end":{"line":2,"column":13}},"3":{"start":{"line":3,"column":1},"end":{"line":3,"column":21}},"4":{"start":{"line":5,"column":0},"end":{"line":27,"column":1}},"5":{"start":{"line":7,"column":2},"end":{"line":9,"column":4}},"6":{"start":{"line":8,"column":3},"end":{"line":8,"column":22}},"7":{"start":{"line":13,"column":2},"end":{"line":15,"column":5}},"8":{"start":{"line":14,"column":3},"end":{"line":14,"column":22}},"9":{"start":{"line":19,"column":2},"end":{"line":25,"column":3}},"10":{"start":{"line":20,"column":3},"end":{"line":20,"column":15}},"11":{"start":{"line":21,"column":8},"end":{"line":25,"column":3}},"12":{"start":{"line":22,"column":3},"end":{"line":22,"column":15}},"13":{"start":{"line":24,"column":3},"end":{"line":24,"column":19}}},"branchMap":{"1":{"line":19,"type":"if","locations":[{"start":{"line":19,"column":2},"end":{"line":19,"column":2}},{"start":{"line":19,"column":2},"end":{"line":19,"column":2}}]},"2":{"line":21,"type":"if","locations":[{"start":{"line":21,"column":8},"end":{"line":21,"column":8}},{"start":{"line":21,"column":8},"end":{"line":21,"column":8}}]}}}}